This is pdfTeXk, Version 3.14159-1.10b (Web2C 7.4.5) (format=pdflatex 2004.9.9)  29 NOV 2006 19:12
 file:line:error style messages enabled.
**\nonstopmode \input /Users/nemadean/College/varsel/clustvarsel/inst/doc/varse
l.vignette.tex
(/Users/nemadean/College/varsel/clustvarsel/inst/doc/varsel.vignette.tex
(/sw/share/texmf/tex/latex/base/article.cls
Document Class: article 2001/04/21 v1.4e Standard LaTeX document class
(/sw/share/texmf/tex/latex/base/size12.clo
File: size12.clo 2001/04/21 v1.4e Standard LaTeX file (size option)
)
\c@part=\count79
\c@section=\count80
\c@subsection=\count81
\c@subsubsection=\count82
\c@paragraph=\count83
\c@subparagraph=\count84
\c@figure=\count85
\c@table=\count86
\abovecaptionskip=\skip41
\belowcaptionskip=\skip42
\bibindent=\dimen102
)
(/sw/share/texmf/tex/latex/misc/geometry.sty
Package: geometry 2002/07/08 v3.2 Page Geometry

(/sw/share/texmf/tex/latex/graphics/keyval.sty
Package: keyval 1999/03/16 v1.13 key=value parser (DPC)
\KV@toks@=\toks14
)
\Gm@cnth=\count87
\Gm@cntv=\count88
\c@Gm@tempcnt=\count89
\Gm@bindingoffset=\dimen103
\Gm@wd@mp=\dimen104
\Gm@odd@mp=\dimen105
\Gm@even@mp=\dimen106
\Gm@dimlist=\toks15

(/sw/share/texmf/tex/latex/config/geometry.cfg
File: geometry.cfg 2001/06/05 v1.0 teTeX (uncustomised setup)
))
(/sw/share/texmf/tex/latex/graphics/epsfig.sty
Package: epsfig 1999/02/16 v1.7a (e)psfig emulation (SPQR)

(/sw/share/texmf/tex/latex/graphics/graphicx.sty
Package: graphicx 1999/02/16 v1.0f Enhanced LaTeX Graphics (DPC,SPQR)

(/sw/share/texmf/tex/latex/graphics/graphics.sty
Package: graphics 2001/07/07 v1.0n Standard LaTeX Graphics (DPC,SPQR)

(/sw/share/texmf/tex/latex/graphics/trig.sty
Package: trig 1999/03/16 v1.09 sin cos tan (DPC)
)
(/sw/share/texmf/tex/latex/config/graphics.cfg
File: graphics.cfg 2001/08/31 v1.1 graphics configuration of teTeX/TeXLive
)
Package graphics Info: Driver file: pdftex.def on input line 80.

(/sw/share/texmf/tex/latex/graphics/pdftex.def
File: pdftex.def 2002/06/19 v0.03k graphics/color for pdftex
\Gread@gobject=\count90
))
\Gin@req@height=\dimen107
\Gin@req@width=\dimen108
)
\epsfxsize=\dimen109
\epsfysize=\dimen110
)
(/sw/share/texmf/tex/latex/misc/rotating.sty
Package: rotating 1997/09/26, v2.13 Rotation package

(/sw/share/texmf/tex/latex/base/ifthen.sty
Package: ifthen 2001/05/26 v1.1c Standard LaTeX ifthen package (DPC)
)
\c@r@tfl@t=\count91
\rot@float@box=\box26
)
(/sw/share/texmf/tex/latex/misc/url.sty
\Urlmuskip=\muskip10
Package: url 1999/03/28  ver 1.5x  Verb mode for urls, etc.
) (./chicago.sty
Using Chicago Manual of Style bibliography: 31 August 1992
\bibhang=\skip43
\bibindent=\dimen111
) (/Library/Frameworks/R.framework/Resources/share/texmf/Sweave.sty

LaTeX Warning: You have requested package `/Library/Frameworks/R.framework/Reso
urces/share/texmf/Sweave',
               but the package provides `Sweave'.

Package: Sweave 
(/sw/share/texmf/tex/latex/fancyvrb/fancyvrb.sty
Package: fancyvrb 2000/03/21

Style option: `fancyvrb' v2.7, with DG/SPQR fixes <2000/03/21> (tvz)
\FV@CodeLineNo=\count92
\FV@InFile=\read1
\FV@TabBox=\box27
\c@FancyVerbLine=\count93
\FV@StepNumber=\count94
\FV@OutFile=\write3
)
(/Library/Frameworks/R.framework/Resources/share/texmf/upquote.sty
Package: upquote 2003/08/11 v1.1 Covington's upright-quote modification to verb
atim and verb

(/sw/share/texmf/tex/latex/base/textcomp.sty
Package: textcomp 2001/06/05 v1.94 Standard LaTeX package

(/sw/share/texmf/tex/latex/base/ts1enc.def
File: ts1enc.def 2001/06/05 v3.0e (jk/car/fm) Standard LaTeX file
)))
(/sw/share/texmf/tex/latex/base/fontenc.sty
Package: fontenc 2001/06/05 v1.94 Standard LaTeX package

(/sw/share/texmf/tex/latex/base/t1enc.def
File: t1enc.def 2001/06/05 v1.94 Standard LaTeX file
LaTeX Font Info:    Redeclaring font encoding T1 on input line 38.
))
(/sw/share/texmf/tex/latex/ae/ae.sty
Package: ae 2001/02/12 1.3 Almost European Computer Modern

(/sw/share/texmf/tex/latex/base/fontenc.sty
Package: fontenc 2001/06/05 v1.94 Standard LaTeX package

(/sw/share/texmf/tex/latex/base/t1enc.def
File: t1enc.def 2001/06/05 v1.94 Standard LaTeX file
LaTeX Font Info:    Redeclaring font encoding T1 on input line 38.
)
LaTeX Font Info:    Try loading font information for T1+aer on input line 95.

(/sw/share/texmf/tex/latex/ae/t1aer.fd
File: t1aer.fd 1997/11/16 Font definitions for T1/aer.
)))) (./varsel.vignette.aux)
\openout1 = `varsel.vignette.aux'.

LaTeX Font Info:    Checking defaults for OML/cmm/m/it on input line 22.
LaTeX Font Info:    ... okay on input line 22.
LaTeX Font Info:    Checking defaults for T1/cmr/m/n on input line 22.
LaTeX Font Info:    ... okay on input line 22.
LaTeX Font Info:    Checking defaults for OT1/cmr/m/n on input line 22.
LaTeX Font Info:    ... okay on input line 22.
LaTeX Font Info:    Checking defaults for OMS/cmsy/m/n on input line 22.
LaTeX Font Info:    ... okay on input line 22.
LaTeX Font Info:    Checking defaults for OMX/cmex/m/n on input line 22.
LaTeX Font Info:    ... okay on input line 22.
LaTeX Font Info:    Checking defaults for U/cmr/m/n on input line 22.
LaTeX Font Info:    ... okay on input line 22.
LaTeX Font Info:    Checking defaults for TS1/cmr/m/n on input line 22.
LaTeX Font Info:    Try loading font information for TS1+cmr on input line 22.

(/sw/share/texmf/tex/latex/base/ts1cmr.fd
File: ts1cmr.fd 1999/05/25 v2.5h Standard LaTeX font definitions
)
LaTeX Font Info:    ... okay on input line 22.
-------------------- Geometry parameters
paper: class default
landscape: --
twocolumn: --
twoside: --
asymmetric: --
h-parts: 72.26999pt, 469.75502pt, 72.26999pt
v-parts: 36.135pt, 686.565pt, 72.26999pt
hmarginratio: --
vmarginratio: --
lines: --
heightrounded: --
bindingoffset: 0.0pt
truedimen: --
includehead: --
includefoot: --
includemp: --
driver: pdftex
-------------------- Page layout dimensions and switches
\paperwidth  614.295pt
\paperheight 794.96999pt
\textwidth  469.75502pt
\textheight 686.565pt
\oddsidemargin  0.0pt
\evensidemargin 0.0pt
\topmargin  -73.135pt
\headheight 12.0pt
\headsep    25.0pt
\footskip   30.0pt
\marginparwidth 44.0pt
\marginparsep   10.0pt
\columnsep  10.0pt
\skip\footins  10.8pt plus 4.0pt minus 2.0pt
\hoffset 0.0pt
\voffset 0.0pt
\mag 1000

(1in=72.27pt, 1cm=28.45pt)
-----------------------

(/sw/share/texmf/tex/context/base/supp-pdf.tex
(/sw/share/texmf/tex/context/base/supp-mis.tex
loading : Context Support Macros / Missing
\protectiondepth=\count95
\scratchcounter=\count96
\scratchtoks=\toks16
\scratchdimen=\dimen112
\scratchskip=\skip44
\scratchmuskip=\muskip11
\scratchbox=\box28
\scratchread=\read2
\scratchwrite=\write4
\zeropoint=\dimen113
\minusone=\count97
\thousandpoint=\dimen114
\emptytoks=\toks17
\nextbox=\box29
\nextdepth=\dimen115
\everyline=\toks18
\!!counta=\count98
\!!countb=\count99
\recursecounter=\count100
)
loading : Context Support Macros / PDF
\nofMPsegments=\count101
\nofMParguments=\count102
\everyMPtoPDFconversion=\toks19
)
LaTeX Font Info:    External font `cmex10' loaded for size
(Font)              <14.4> on input line 26.
LaTeX Font Info:    External font `cmex10' loaded for size
(Font)              <7> on input line 26.
 (./varsel.vignette.toc
LaTeX Font Info:    Try loading font information for T1+aett on input line 2.
 (/sw/share/texmf/tex/latex/ae/t1aett.fd
File: t1aett.fd 1997/11/16 Font definitions for T1/aett.
)

LaTeX Font Warning: Font shape `T1/aett/bx/n' undefined
(Font)              using `T1/aett/m/n' instead on input line 2.

)
\tf@toc=\write5
\openout5 = `varsel.vignette.toc'.

LaTeX Font Info:    External font `cmex10' loaded for size
(Font)              <12> on input line 35.
LaTeX Font Info:    External font `cmex10' loaded for size
(Font)              <8> on input line 35.
LaTeX Font Info:    External font `cmex10' loaded for size
(Font)              <6> on input line 35.
 [1

{/sw/share/texmf/dvips/config/pdftex.map}] [2] [3] [4] [5] [6] [7]
(./varsel.vignette.bbl) <vignplot1.pdf, id=42, 433.62pt x 433.62pt>
File: vignplot1.pdf Graphic file (type pdf)

<use vignplot1.pdf> [8] [9 <./vignplot1.pdf>] (./varsel.vignette.aux)

LaTeX Font Warning: Some font shapes were not available, defaults substituted.

 ) 
Here is how much of TeX's memory you used:
 2529 strings out of 95437
 34032 string characters out of 1190296
 80669 words of memory out of 1000001
 5494 multiletter control sequences out of 10000+50000
 30656 words of font info for 67 fonts, out of 500000 for 1000
 14 hyphenation exceptions out of 1000
 35i,6n,29p,1678b,320s stack positions out of 1500i,500n,5000p,200000b,5000s
 57 PDF objects out of 300000
 0 named destinations out of 131072
 5 words of extra memory for PDF output out of 65536
{/sw/share/texmf/dvips/tetex/09fbbfac.enc}</sw/share/texmf/fonts/type1/bluesk
y/cm/cmsltt10.pfb></sw/share/texmf/fonts/type1/bluesky/cm/cmtt12.pfb>{/sw/share
/texmf/dvips/tetex/f7b6d320.enc}</sw/share/texmf/fonts/type1/bluesky/cm/cmbx12.
pfb></sw/share/texmf/fonts/type1/bluesky/cm/cmr12.pfb>{/sw/share/texmf/dvips/te
tex/74afc74c.enc}</sw/share/texmf/fonts/type1/bluesky/cm/cmti12.pfb></sw/share/
texmf/fonts/type1/bluesky/cm/cmr17.pfb>
Output written on varsel.vignette.pdf (9 pages, 323844 bytes).
